--------------- Build Started: 07/13/2016 12:52:46 Project: STONE_TOUCH, Configuration: ARM GCC 4.9-2015-q1-update Debug ---------------
cydsfit.exe -.appdatapath "C:\Users\SHOZO KUZE\AppData\Local\Cypress Semiconductor\PSoC Creator\3.3" -.fdsnotice -.fdswarpdepfile=warp_dependencies.txt -.fdselabdepfile=elab_dependencies.txt -.fdsbldfile=generated_files.txt -p "C:\Users\SHOZO KUZE\Documents\PSoC Creator\Workspace01\STONE_TOUCH.cydsn\STONE_TOUCH.cyprj" -d CY8C4245PVI-482 -s "C:\Users\SHOZO KUZE\Documents\PSoC Creator\Workspace01\STONE_TOUCH.cydsn\Generated_Source\PSoC4" -- -yv2 -q10 -ygs -o2 -v3 -.fftcfgtype=LE
Elaborating Design...
HDL Generation ...
Synthesis ...
Place and Route ...
Tech mapping ...
Analog Placement ...
Analog Routing ...
Analog Code Generation ...
Digital Placement ...
Digital Routing ...
Bitstream Generation ...
Static timing analysis ...
API Generation ...
Dependency Generation ...
Clean Temporary Files ...
The compile step is up to date, no work needs to be done.
The link step is up to date, no work needs to be done.
--------------- Build Succeeded: 07/13/2016 12:52:58 ---------------
